[2015-11-24 10:57:07] [INFO]: Connected to WA server
[2015-11-24 10:57:08] [INFO]: 918885680555 successfully logged in
[2015-11-24 10:57:42] [INFO]: Connected to WA server
[2015-11-24 10:57:43] [INFO]: 918885680555 successfully logged in
[2015-11-24 10:58:01] [INFO]: text message with id 3LFXqR1b9mrk0 sent to 919299301684
[2015-11-24 10:58:03] [INFO]: Connected to WA server
[2015-11-24 10:58:04] [INFO]: 918885680555 successfully logged in
[2015-11-24 10:58:12] [INFO]: Connected to WA server
[2015-11-24 10:58:18] [INFO]: Connected to WA server
[2015-11-24 10:58:19] [INFO]: 918885680555 successfully logged in
[2015-11-24 10:58:22] [INFO]: Connected to WA server
[2015-11-24 10:58:27] [INFO]: Connected to WA server
[2015-11-24 10:58:28] [INFO]: 918885680555 successfully logged in
[2015-11-24 10:58:32] [INFO]: Connected to WA server
[2015-11-24 10:58:33] [INFO]: 918885680555 successfully logged in
[2015-11-24 10:58:37] [INFO]: Connected to WA server
[2015-11-24 10:58:38] [INFO]: 918885680555 successfully logged in
[2015-11-24 10:58:42] [INFO]: Connected to WA server
[2015-11-24 10:58:43] [INFO]: 918885680555 successfully logged in
[2015-11-24 10:58:47] [INFO]: Connected to WA server
[2015-11-24 10:58:48] [INFO]: 918885680555 successfully logged in
[2015-11-24 10:58:52] [INFO]: Connected to WA server
[2015-11-24 10:58:53] [INFO]: 918885680555 successfully logged in
[2015-11-24 10:58:58] [INFO]: Connected to WA server
[2015-11-24 10:59:02] [INFO]: Connected to WA server
[2015-11-24 10:59:03] [INFO]: 918885680555 successfully logged in
[2015-11-24 10:59:15] [INFO]: Connected to WA server
[2015-11-24 10:59:16] [INFO]: 918885680555 successfully logged in
[2015-11-24 10:59:20] [INFO]: Connected to WA server
[2015-11-24 10:59:21] [INFO]: 918885680555 successfully logged in
[2015-11-24 10:59:25] [INFO]: Connected to WA server
[2015-11-24 10:59:26] [INFO]: 918885680555 successfully logged in
[2015-11-24 10:59:33] [INFO]: Connected to WA server
[2015-11-24 10:59:34] [INFO]: 918885680555 successfully logged in
[2015-11-24 10:59:39] [INFO]: Connected to WA server
[2015-11-24 10:59:40] [INFO]: 918885680555 successfully logged in
[2015-11-24 10:59:45] [INFO]: Connected to WA server
[2015-11-24 10:59:46] [INFO]: 918885680555 successfully logged in
[2015-11-24 10:59:51] [INFO]: Connected to WA server
[2015-11-24 10:59:52] [INFO]: 918885680555 successfully logged in
[2015-11-24 10:59:56] [INFO]: Connected to WA server
[2015-11-24 10:59:57] [INFO]: 918885680555 successfully logged in
[2015-11-24 11:00:02] [INFO]: Connected to WA server
[2015-11-24 11:00:03] [INFO]: 918885680555 successfully logged in
[2015-11-24 11:00:06] [INFO]: Connected to WA server
[2015-11-24 11:00:07] [INFO]: 918885680555 successfully logged in
[2015-11-24 11:00:11] [INFO]: Connected to WA server
[2015-11-24 11:00:14] [INFO]: 918885680555 successfully logged in
[2015-11-24 11:00:18] [INFO]: Connected to WA server
[2015-11-24 11:00:19] [INFO]: 918885680555 successfully logged in
[2015-11-24 11:00:26] [INFO]: Connected to WA server
[2015-11-24 11:00:27] [INFO]: 918885680555 successfully logged in
[2015-11-24 11:00:50] [INFO]: Connected to WA server
[2015-11-24 11:00:51] [INFO]: 918885680555 successfully logged in
[2015-11-24 11:00:53] [ERROR]: Stream error conflict
[2015-11-24 11:00:53] [INFO]: Disconnected from WA server
[2015-11-24 11:00:54] [INFO]: Connected to WA server
[2015-11-24 11:00:55] [INFO]: 918885680555 successfully logged in
[2015-11-24 11:00:59] [INFO]: text message with id /Mnq2MgEHDd80 sent to 919299301684
[2015-11-24 11:01:01] [INFO]: Connected to WA server
[2015-11-24 11:01:05] [INFO]: 918885680555 successfully logged in
[2015-11-24 11:01:05] [ERROR]: Stream error conflict
[2015-11-24 11:01:05] [INFO]: Disconnected from WA server
[2015-11-24 11:01:06] [INFO]: Connected to WA server
[2015-11-24 11:01:07] [INFO]: 918885680555 successfully logged in
[2015-11-24 11:01:09] [ERROR]: Stream error conflict
[2015-11-24 11:01:09] [INFO]: Disconnected from WA server
[2015-11-24 11:01:11] [INFO]: Connected to WA server
[2015-11-24 11:01:12] [INFO]: 918885680555 successfully logged in
[2015-11-24 11:01:14] [ERROR]: Stream error conflict
[2015-11-24 11:01:14] [INFO]: Disconnected from WA server
[2015-11-24 11:01:16] [INFO]: Connected to WA server
[2015-11-24 11:01:25] [INFO]: 918885680555 successfully logged in
[2015-11-24 11:01:25] [ERROR]: Stream error conflict
[2015-11-24 11:01:25] [INFO]: Disconnected from WA server
[2015-11-24 11:01:26] [INFO]: Connected to WA server
[2015-11-24 11:01:27] [INFO]: 918885680555 successfully logged in
[2015-11-24 11:01:34] [ERROR]: Stream error conflict
[2015-11-24 11:01:34] [INFO]: Disconnected from WA server
[2015-11-24 11:01:36] [INFO]: Connected to WA server
[2015-11-24 11:01:37] [INFO]: 918885680555 successfully logged in
[2015-11-24 11:01:40] [ERROR]: Stream error conflict
[2015-11-24 11:01:40] [INFO]: Disconnected from WA server
[2015-11-24 11:01:42] [INFO]: Connected to WA server
[2015-11-24 11:01:43] [INFO]: 918885680555 successfully logged in
[2015-11-24 11:01:45] [ERROR]: Stream error conflict
[2015-11-24 11:01:45] [INFO]: Disconnected from WA server
[2015-11-24 11:01:47] [INFO]: Connected to WA server
[2015-11-24 11:01:48] [INFO]: 918885680555 successfully logged in
[2015-11-24 11:01:51] [ERROR]: Stream error conflict
[2015-11-24 11:01:51] [INFO]: Disconnected from WA server
[2015-11-24 11:01:52] [INFO]: Connected to WA server
[2015-11-24 11:01:58] [INFO]: Connected to WA server
[2015-11-24 11:01:59] [INFO]: 918885680555 successfully logged in
[2015-11-24 11:02:04] [ERROR]: Stream error conflict
[2015-11-24 11:02:04] [INFO]: Disconnected from WA server
[2015-11-24 11:02:05] [INFO]: Connected to WA server
[2015-11-24 11:02:07] [INFO]: 918885680555 successfully logged in
[2015-11-24 11:02:09] [ERROR]: Stream error conflict
[2015-11-24 11:02:09] [INFO]: Disconnected from WA server
[2015-11-24 11:02:10] [INFO]: Connected to WA server
[2015-11-24 11:02:11] [INFO]: 918885680555 successfully logged in
[2015-11-24 11:02:14] [ERROR]: Stream error conflict
[2015-11-24 11:02:14] [INFO]: Disconnected from WA server
[2015-11-24 11:02:15] [INFO]: Connected to WA server
[2015-11-24 11:02:16] [INFO]: 918885680555 successfully logged in
[2015-11-24 11:02:19] [ERROR]: Stream error conflict
[2015-11-24 11:02:19] [INFO]: Disconnected from WA server
[2015-11-24 11:02:21] [INFO]: Connected to WA server
[2015-11-24 11:02:22] [INFO]: 918885680555 successfully logged in
[2015-11-24 11:02:25] [ERROR]: Stream error conflict
[2015-11-24 11:02:25] [INFO]: Disconnected from WA server
